[03:38:34] [Server thread/INFO]: Starting minecraft server version 1.8.8
[03:38:34] [Server thread/INFO]: Loading properties
[03:38:34] [Server thread/INFO]: Default game type: SURVIVAL
[03:38:34] [Server thread/INFO]: This server is running CraftBukkit version git-PaperSpigot-445 (MC: 1.8.8) (Implementing API version 1.8.8-R0.1-SNAPSHOT)
[03:38:34] [Server thread/INFO]: Unable to find file banned-players.json, creating it.
[03:38:34] [Server thread/INFO]: Unable to find file banned-ips.json, creating it.
[03:38:34] [Server thread/INFO]: Unable to find file ops.json, creating it.
[03:38:34] [Server thread/INFO]: Unable to find file whitelist.json, creating it.
[03:38:34] [Server thread/INFO]: Debug logging is disabled
[03:38:34] [Server thread/INFO]: Spigot Timings: true - Verbose: true - Interval: 5m - Length: 60m
[03:38:34] [Server thread/INFO]: Using 4 threads for Netty based IO
[03:38:34] [Server thread/INFO]: Server Ping Player Sample Count: 12

[03:38:35] [Server thread/INFO]: Data value allowed items: 
[03:38:35] [Server thread/WARN]: java.lang.NoSuchFieldException: modifiers

[03:38:35] [Server thread/WARN]: 	at java.base/java.lang.Class.getDeclaredField(Class.java:2382)

[03:38:35] [Server thread/WARN]: 	at org.github.paperspigot.PaperSpigotConfig.stackableBuckets(PaperSpigotConfig.java:192)

[03:38:35] [Server thread/WARN]: 	at java.base/jdk.internal.reflect.DirectMethodHandleAccessor.invoke(DirectMethodHandleAccessor.java:104)

[03:38:35] [Server thread/WARN]: 	at java.base/java.lang.reflect.Method.invoke(Method.java:565)

[03:38:35] [Server thread/WARN]: 	at org.github.paperspigot.PaperSpigotConfig.readConfig(PaperSpigotConfig.java:84)

[03:38:35] [Server thread/WARN]: 	at org.github.paperspigot.PaperSpigotConfig.init(PaperSpigotConfig.java:62)

[03:38:35] [Server thread/WARN]: 	at net.minecraft.server.v1_8_R3.DedicatedServer.init(DedicatedServer.java:181)

[03:38:35] [Server thread/WARN]: 	at net.minecraft.server.v1_8_R3.MinecraftServer.run(MinecraftServer.java:563)

[03:38:35] [Server thread/WARN]: 	at java.base/java.lang.Thread.run(Thread.java:1474)

[03:38:35] [Server thread/INFO]: Generating keypair
[03:38:35] [Server thread/INFO]: Starting Minecraft server on *:25565
[03:38:35] [Server thread/INFO]: Your platform does not provide complete low-level API for accessing direct buffers reliably. Unless explicitly requested, heap buffer will always be preferred to avoid potential system unstability.
[03:38:35] [Server thread/INFO]: Using epoll channel type
[03:38:35] [Server thread/INFO]: **** Beginning UUID conversion, this may take A LONG time ****
[03:38:35] [Server thread/INFO]: Preparing level "world"
[03:38:35] [Server thread/INFO]: -------- World Settings For [world] --------
[03:38:35] [Server thread/INFO]: Anti X-Ray: true
[03:38:35] [Server thread/INFO]: 	Engine Mode: 1
[03:38:35] [Server thread/INFO]: 	Hidden Blocks: [14, 15, 16, 21, 48, 49, 54, 56, 73, 74, 82, 129, 130]
[03:38:35] [Server thread/INFO]: 	Replace Blocks: [1, 5]
[03:38:35] [Server thread/INFO]: Mob Spawn Range: 4
[03:38:35] [Server thread/INFO]: Nerfing mobs spawned from spawners: false
[03:38:35] [Server thread/INFO]: Cactus Growth Modifier: 100%
[03:38:35] [Server thread/INFO]: Cane Growth Modifier: 100%
[03:38:35] [Server thread/INFO]: Melon Growth Modifier: 100%
[03:38:35] [Server thread/INFO]: Mushroom Growth Modifier: 100%
[03:38:35] [Server thread/INFO]: Pumpkin Growth Modifier: 100%
[03:38:35] [Server thread/INFO]: Sapling Growth Modifier: 100%
[03:38:35] [Server thread/INFO]: Wheat Growth Modifier: 100%
[03:38:35] [Server thread/INFO]: NetherWart Growth Modifier: 100%
[03:38:35] [Server thread/INFO]: Entity Activation Range: An 32 / Mo 32 / Mi 16
[03:38:35] [Server thread/INFO]: Entity Tracking Range: Pl 48 / An 48 / Mo 48 / Mi 32 / Other 64
[03:38:35] [Server thread/INFO]: Hopper Transfer: 8 Hopper Check: 8 Hopper Amount: 1
[03:38:35] [Server thread/INFO]: Random Lighting Updates: false
[03:38:35] [Server thread/INFO]: Structure Info Saving: true
[03:38:35] [Server thread/INFO]: Sending up to 10 chunks per packet
[03:38:35] [Server thread/INFO]: Max Entity Collisions: 8
[03:38:35] [Server thread/INFO]: Custom Map Seeds:  Village: 10387312 Feature: 14357617
[03:38:35] [Server thread/INFO]: Max TNT Explosions: 100
[03:38:35] [Server thread/INFO]: Tile Max Tick Time: 50ms Entity max Tick Time: 50ms
[03:38:35] [Server thread/INFO]: Item Merge Radius: 2.5
[03:38:35] [Server thread/INFO]: Item Despawn Rate: 6000
[03:38:35] [Server thread/INFO]: Arrow Despawn Rate: 1200
[03:38:35] [Server thread/INFO]: Allow Zombie Pigmen to spawn from portal blocks: true
[03:38:35] [Server thread/INFO]: View Distance: 10
[03:38:35] [Server thread/INFO]: Zombie Aggressive Towards Villager: true
[03:38:35] [Server thread/INFO]: Chunks to Grow per Tick: 650
[03:38:35] [Server thread/INFO]: Clear tick list: false
[03:38:35] [Server thread/INFO]: Experience Merge Radius: 3.0
[03:38:35] [Server thread/INFO]: -------- World Settings For [world] --------
[03:38:35] [Server thread/INFO]: Remove invalid mob spawner tile entities: true
[03:38:35] [Server thread/INFO]: Player blocking damage multiplier set to 0.5
[03:38:35] [Server thread/INFO]: Squids will spawn between Y: 45.0 and Y: 63.0
[03:38:35] [Server thread/INFO]: Max height for cactus growth 3. Max height for reed growth 3
[03:38:35] [Server thread/INFO]: Living Entity Despawn Ranges:  Soft: 32 Hard: 128
[03:38:35] [Server thread/INFO]: Water over lava flow speed: 5
[03:38:35] [Server thread/INFO]: Fix TNT cannons: false
[03:38:35] [Server thread/INFO]: Allow undead horse types to be leashed: false
[03:38:35] [Server thread/INFO]: Keep spawn chunk loaded: true
[03:38:35] [Server thread/INFO]: World async lighting: false
[03:38:35] [Server thread/INFO]: WorldServer TickNextTick cap set at 10000
[03:38:35] [Server thread/INFO]: WorldServer TickNextTickList cap always processes redstone: false
[03:38:36] [Server thread/INFO]: -------- World Settings For [world_nether] --------
[03:38:36] [Server thread/INFO]: Anti X-Ray: true
[03:38:36] [Server thread/INFO]: 	Engine Mode: 1
[03:38:36] [Server thread/INFO]: 	Hidden Blocks: [14, 15, 16, 21, 48, 49, 54, 56, 73, 74, 82, 129, 130]
[03:38:36] [Server thread/INFO]: 	Replace Blocks: [1, 5]
[03:38:36] [Server thread/INFO]: Mob Spawn Range: 4
[03:38:36] [Server thread/INFO]: Nerfing mobs spawned from spawners: false
[03:38:36] [Server thread/INFO]: Cactus Growth Modifier: 100%
[03:38:36] [Server thread/INFO]: Cane Growth Modifier: 100%
[03:38:36] [Server thread/INFO]: Melon Growth Modifier: 100%
[03:38:36] [Server thread/INFO]: Mushroom Growth Modifier: 100%
[03:38:36] [Server thread/INFO]: Pumpkin Growth Modifier: 100%
[03:38:36] [Server thread/INFO]: Sapling Growth Modifier: 100%
[03:38:36] [Server thread/INFO]: Wheat Growth Modifier: 100%
[03:38:36] [Server thread/INFO]: NetherWart Growth Modifier: 100%
[03:38:36] [Server thread/INFO]: Entity Activation Range: An 32 / Mo 32 / Mi 16
[03:38:36] [Server thread/INFO]: Entity Tracking Range: Pl 48 / An 48 / Mo 48 / Mi 32 / Other 64
[03:38:36] [Server thread/INFO]: Hopper Transfer: 8 Hopper Check: 8 Hopper Amount: 1
[03:38:36] [Server thread/INFO]: Random Lighting Updates: false
[03:38:36] [Server thread/INFO]: Structure Info Saving: true
[03:38:36] [Server thread/INFO]: Sending up to 10 chunks per packet
[03:38:36] [Server thread/INFO]: Max Entity Collisions: 8
[03:38:36] [Server thread/INFO]: Custom Map Seeds:  Village: 10387312 Feature: 14357617
[03:38:36] [Server thread/INFO]: Max TNT Explosions: 100
[03:38:36] [Server thread/INFO]: Tile Max Tick Time: 50ms Entity max Tick Time: 50ms
[03:38:36] [Server thread/INFO]: Item Merge Radius: 2.5
[03:38:36] [Server thread/INFO]: Item Despawn Rate: 6000
[03:38:36] [Server thread/INFO]: Arrow Despawn Rate: 1200
[03:38:36] [Server thread/INFO]: Allow Zombie Pigmen to spawn from portal blocks: true
[03:38:36] [Server thread/INFO]: View Distance: 10
[03:38:36] [Server thread/INFO]: Zombie Aggressive Towards Villager: true
[03:38:36] [Server thread/INFO]: Chunks to Grow per Tick: 650
[03:38:36] [Server thread/INFO]: Clear tick list: false
[03:38:36] [Server thread/INFO]: Experience Merge Radius: 3.0
[03:38:36] [Server thread/INFO]: -------- World Settings For [world_nether] --------
[03:38:36] [Server thread/INFO]: Remove invalid mob spawner tile entities: true
[03:38:36] [Server thread/INFO]: Player blocking damage multiplier set to 0.5
[03:38:36] [Server thread/INFO]: Squids will spawn between Y: 45.0 and Y: 63.0
[03:38:36] [Server thread/INFO]: Max height for cactus growth 3. Max height for reed growth 3
[03:38:36] [Server thread/INFO]: Living Entity Despawn Ranges:  Soft: 32 Hard: 128
[03:38:36] [Server thread/INFO]: Water over lava flow speed: 5
[03:38:36] [Server thread/INFO]: Fix TNT cannons: false
[03:38:36] [Server thread/INFO]: Allow undead horse types to be leashed: false
[03:38:36] [Server thread/INFO]: Keep spawn chunk loaded: true
[03:38:36] [Server thread/INFO]: World async lighting: false
[03:38:36] [Server thread/INFO]: WorldServer TickNextTick cap set at 10000
[03:38:36] [Server thread/INFO]: WorldServer TickNextTickList cap always processes redstone: false
[03:38:36] [Server thread/INFO]: -------- World Settings For [world_the_end] --------
[03:38:36] [Server thread/INFO]: Anti X-Ray: true
[03:38:36] [Server thread/INFO]: 	Engine Mode: 1
[03:38:36] [Server thread/INFO]: 	Hidden Blocks: [14, 15, 16, 21, 48, 49, 54, 56, 73, 74, 82, 129, 130]
[03:38:36] [Server thread/INFO]: 	Replace Blocks: [1, 5]
[03:38:36] [Server thread/INFO]: Mob Spawn Range: 4
[03:38:36] [Server thread/INFO]: Nerfing mobs spawned from spawners: false
[03:38:36] [Server thread/INFO]: Cactus Growth Modifier: 100%
[03:38:36] [Server thread/INFO]: Cane Growth Modifier: 100%
[03:38:36] [Server thread/INFO]: Melon Growth Modifier: 100%
[03:38:36] [Server thread/INFO]: Mushroom Growth Modifier: 100%
[03:38:36] [Server thread/INFO]: Pumpkin Growth Modifier: 100%
[03:38:36] [Server thread/INFO]: Sapling Growth Modifier: 100%
[03:38:36] [Server thread/INFO]: Wheat Growth Modifier: 100%
[03:38:36] [Server thread/INFO]: NetherWart Growth Modifier: 100%
[03:38:36] [Server thread/INFO]: Entity Activation Range: An 32 / Mo 32 / Mi 16
[03:38:36] [Server thread/INFO]: Entity Tracking Range: Pl 48 / An 48 / Mo 48 / Mi 32 / Other 64
[03:38:36] [Server thread/INFO]: Hopper Transfer: 8 Hopper Check: 8 Hopper Amount: 1
[03:38:36] [Server thread/INFO]: Random Lighting Updates: false
[03:38:36] [Server thread/INFO]: Structure Info Saving: true
[03:38:36] [Server thread/INFO]: Sending up to 10 chunks per packet
[03:38:36] [Server thread/INFO]: Max Entity Collisions: 8
[03:38:36] [Server thread/INFO]: Custom Map Seeds:  Village: 10387312 Feature: 14357617
[03:38:36] [Server thread/INFO]: Max TNT Explosions: 100
[03:38:36] [Server thread/INFO]: Tile Max Tick Time: 50ms Entity max Tick Time: 50ms
[03:38:36] [Server thread/INFO]: Item Merge Radius: 2.5
[03:38:36] [Server thread/INFO]: Item Despawn Rate: 6000
[03:38:36] [Server thread/INFO]: Arrow Despawn Rate: 1200
[03:38:36] [Server thread/INFO]: Allow Zombie Pigmen to spawn from portal blocks: true
[03:38:36] [Server thread/INFO]: View Distance: 10
[03:38:36] [Server thread/INFO]: Zombie Aggressive Towards Villager: true
[03:38:36] [Server thread/INFO]: Chunks to Grow per Tick: 650
[03:38:36] [Server thread/INFO]: Clear tick list: false
[03:38:36] [Server thread/INFO]: Experience Merge Radius: 3.0
[03:38:36] [Server thread/INFO]: -------- World Settings For [world_the_end] --------
[03:38:36] [Server thread/INFO]: Remove invalid mob spawner tile entities: true
[03:38:36] [Server thread/INFO]: Player blocking damage multiplier set to 0.5
[03:38:36] [Server thread/INFO]: Squids will spawn between Y: 45.0 and Y: 63.0
[03:38:36] [Server thread/INFO]: Max height for cactus growth 3. Max height for reed growth 3
[03:38:36] [Server thread/INFO]: Living Entity Despawn Ranges:  Soft: 32 Hard: 128
[03:38:36] [Server thread/INFO]: Water over lava flow speed: 5
[03:38:36] [Server thread/INFO]: Fix TNT cannons: false
[03:38:36] [Server thread/INFO]: Allow undead horse types to be leashed: false
[03:38:36] [Server thread/INFO]: Keep spawn chunk loaded: true
[03:38:36] [Server thread/INFO]: World async lighting: false
[03:38:36] [Server thread/INFO]: WorldServer TickNextTick cap set at 10000
[03:38:36] [Server thread/INFO]: WorldServer TickNextTickList cap always processes redstone: false
[03:38:36] [Server thread/INFO]: Preparing start region for level 0 (Seed: -7204420031900284651)
[03:38:37] [Server thread/INFO]: Preparing spawn area: 4%
[03:38:38] [Server thread/INFO]: Preparing spawn area: 9%
[03:38:39] [Server thread/INFO]: Preparing spawn area: 14%
[03:38:40] [Server thread/INFO]: Preparing spawn area: 20%
[03:38:41] [Server thread/INFO]: Preparing spawn area: 31%
[03:38:42] [Server thread/INFO]: Preparing spawn area: 39%
[03:38:43] [Server thread/INFO]: Preparing spawn area: 54%
[03:38:44] [Server thread/INFO]: Preparing spawn area: 64%
[03:38:45] [Server thread/INFO]: Preparing spawn area: 76%
[03:38:46] [Server thread/INFO]: Preparing spawn area: 89%
[03:38:47] [Server thread/INFO]: Preparing start region for level 1 (Seed: -7204420031900284651)
[03:38:48] [Server thread/INFO]: Preparing spawn area: 13%
[03:38:49] [Server thread/INFO]: Preparing spawn area: 25%
[03:38:50] [Server thread/INFO]: Preparing spawn area: 48%
[03:38:51] [Server thread/INFO]: Preparing spawn area: 70%
[03:38:52] [Server thread/INFO]: Preparing spawn area: 91%
[03:38:52] [Server thread/INFO]: Preparing start region for level 2 (Seed: -7204420031900284651)
[03:38:53] [Server thread/INFO]: Preparing spawn area: 65%
[03:38:54] [Server thread/INFO]: Done (18.595s)! For help, type "help" or "?"
[03:38:54] [Server thread/INFO]: Timings Reset
[03:39:16] [Thread-2/INFO]: Stopping server
[03:39:16] [Thread-2/INFO]: Saving players
